<?xml version="1.0" encoding="UTF-8"?>
<!-- Generated by org.testng.reporters.JUnitReportReporter -->
<testsuite skipped="0" hostname="Pavans-MacBook-Pro.local" name="com.pharmeasy.MercuryUI.PurchaseEntry.PurchaseEntryNegativeCase" tests="3" failures="0" timestamp="21 Jan 2019 05:48:59 GMT" time="177.226" errors="0">
  <testcase name="NegativePurchaseEntry" time="57.986" classname="com.pharmeasy.MercuryUI.PurchaseEntry.PurchaseEntryNegativeCase"/>
  <testcase name="NegativePurchaseEntry" time="63.600" classname="com.pharmeasy.MercuryUI.PurchaseEntry.PurchaseEntryNegativeCase"/>
  <testcase name="NegativePurchaseEntry" time="55.640" classname="com.pharmeasy.MercuryUI.PurchaseEntry.PurchaseEntryNegativeCase"/>
</testsuite> <!-- com.pharmeasy.MercuryUI.PurchaseEntry.PurchaseEntryNegativeCase -->
