<?xml version="1.0" encoding="UTF-8"?>
<!-- Generated by org.testng.reporters.JUnitReportReporter -->
<testsuite skipped="0" hostname="Pavans-MacBook-Pro.local" name="com.pharmeasy.MercuryUI.Codecheck" tests="1" failures="0" timestamp="16 Jan 2019 06:13:25 GMT" time="0.041" errors="0">
  <testcase name="main" time="0.041" classname="com.pharmeasy.MercuryUI.Codecheck"/>
</testsuite> <!-- com.pharmeasy.MercuryUI.Codecheck -->
