<?xml version="1.0" encoding="UTF-8"?>
<!-- Generated by org.testng.reporters.JUnitReportReporter -->
<testsuite skipped="0" hostname="Pavans-MacBook-Pro.local" name="com.pharmeasy.MercuryUI.Gatepass.CreateGatepassNegativeCase" tests="3" failures="0" timestamp="17 Jan 2019 07:58:11 GMT" time="105.045" errors="0">
  <testcase name="createGatepassNegativeCase" time="29.885" classname="com.pharmeasy.MercuryUI.Gatepass.CreateGatepassNegativeCase"/>
  <testcase name="createGatepassNegativeCase" time="25.285" classname="com.pharmeasy.MercuryUI.Gatepass.CreateGatepassNegativeCase"/>
  <testcase name="createGatepassNegativeCase" time="49.875" classname="com.pharmeasy.MercuryUI.Gatepass.CreateGatepassNegativeCase"/>
</testsuite> <!-- com.pharmeasy.MercuryUI.Gatepass.CreateGatepassNegativeCase -->
