<?xml version="1.0" encoding="UTF-8"?>
<!-- Generated by org.testng.reporters.JUnitReportReporter -->
<testsuite skipped="0" hostname="Pavans-MacBook-Pro.local" name="com.pharmeasy.MercuryUI.Gatepass.CreateGatepass" tests="3" failures="0" timestamp="17 Jan 2019 05:20:01 GMT" time="84.511" errors="0">
  <testcase name="createGatepass" time="28.305" classname="com.pharmeasy.MercuryUI.Gatepass.CreateGatepass"/>
  <testcase name="createGatepass" time="28.480" classname="com.pharmeasy.MercuryUI.Gatepass.CreateGatepass"/>
  <testcase name="createGatepass" time="27.726" classname="com.pharmeasy.MercuryUI.Gatepass.CreateGatepass"/>
</testsuite> <!-- com.pharmeasy.MercuryUI.Gatepass.CreateGatepass -->
