<?xml version="1.0" encoding="UTF-8"?>
<!-- Generated by org.testng.reporters.JUnitReportReporter -->
<testsuite skipped="0" hostname="Pavans-MacBook-Pro.local" name="com.pharmeasy.MercuryUI.Gatepass.CreateGatepass" tests="3" failures="0" timestamp="17 Jan 2019 11:05:03 GMT" time="165.766" errors="0">
  <testcase name="createGatepass" time="55.934" classname="com.pharmeasy.MercuryUI.Gatepass.CreateGatepass"/>
  <testcase name="createGatepass" time="49.154" classname="com.pharmeasy.MercuryUI.Gatepass.CreateGatepass"/>
  <testcase name="createGatepass" time="60.678" classname="com.pharmeasy.MercuryUI.Gatepass.CreateGatepass"/>
</testsuite> <!-- com.pharmeasy.MercuryUI.Gatepass.CreateGatepass -->
